<?xml version="1.0" encoding="UTF-8"?>
<!-- Generated by org.testng.reporters.JUnitReportReporter -->
<testsuite skipped="0" hostname="DESKTOP-CPNL6G4" name="com.nopcommerce.user.Level_03_Login_Page_Oject" tests="2" failures="0" timestamp="08 Jun 2021 15:47:47 GMT" time="9.613" errors="0">
  <testcase name="User_01_Register" time="6.425" classname="com.nopcommerce.user.Level_03_Login_Page_Oject"/>
  <testcase name="User_02_Login" time="3.188" classname="com.nopcommerce.user.Level_03_Login_Page_Oject"/>
</testsuite> <!-- com.nopcommerce.user.Level_03_Login_Page_Oject -->
