<?xml version="1.0" encoding="UTF-8"?>
<!-- Generated by org.testng.reporters.JUnitReportReporter -->
<testsuite skipped="0" hostname="DESKTOP-CPNL6G4" name="com.wordpress.posts.Level_03_Login_Page_Oject" tests="7" failures="0" timestamp="07 Jun 2021 16:34:19 GMT" time="42.512" errors="0">
  <testcase name="Login_03_Username_Not_Exist" time="5.945" classname="com.wordpress.posts.Level_03_Login_Page_Oject"/>
  <testcase name="Login_05_Invalid_Password" time="6.721" classname="com.wordpress.posts.Level_03_Login_Page_Oject"/>
  <testcase name="Login_02_Ivalid_Email_Username" time="4.434" classname="com.wordpress.posts.Level_03_Login_Page_Oject"/>
  <testcase name="Login_06_Incorrect_Password" time="6.736" classname="com.wordpress.posts.Level_03_Login_Page_Oject"/>
  <testcase name="Login_01_Empty_Email_Username" time="4.215" classname="com.wordpress.posts.Level_03_Login_Page_Oject"/>
  <testcase name="Login_07_Valid_Email_Password" time="7.379" classname="com.wordpress.posts.Level_03_Login_Page_Oject"/>
  <testcase name="Login_04_Empty_Password" time="7.082" classname="com.wordpress.posts.Level_03_Login_Page_Oject"/>
</testsuite> <!-- com.wordpress.posts.Level_03_Login_Page_Oject -->
