<?xml version="1.0" encoding="UTF-8"?>
<!-- Generated by org.testng.reporters.JUnitReportReporter -->
<testsuite skipped="0" hostname="DESKTOP-CPNL6G4" name="com.nopcommerce.user.Level_14_Register_Login_Share_Stage" tests="2" failures="0" timestamp="16 Jul 2021 04:54:34 GMT" time="0.110" errors="0">
  <testcase name="User_01_Login" time="0.100" classname="com.nopcommerce.user.Level_14_Register_Login_Share_Stage"/>
  <testcase name="User_02_Login" time="0.010" classname="com.nopcommerce.user.Level_14_Register_Login_Share_Stage"/>
</testsuite> <!-- com.nopcommerce.user.Level_14_Register_Login_Share_Stage -->
