<?xml version="1.0" encoding="UTF-8"?>
<!-- Generated by org.testng.reporters.JUnitReportReporter -->
<testsuite skipped="0" hostname="DESKTOP-CPNL6G4" name="com.nopcommerce.user.Level_07_Login_Page_Switch_Page" tests="4" failures="0" timestamp="25 Jun 2021 10:16:34 GMT" time="17.457" errors="0">
  <testcase name="User_02_Login" time="2.688" classname="com.nopcommerce.user.Level_07_Login_Page_Switch_Page"/>
  <testcase name="User_04_Switch_Page" time="5.963" classname="com.nopcommerce.user.Level_07_Login_Page_Switch_Page"/>
  <testcase name="User_01_Register" time="7.977" classname="com.nopcommerce.user.Level_07_Login_Page_Switch_Page"/>
  <testcase name="User_03_Customer_Infor" time="0.829" classname="com.nopcommerce.user.Level_07_Login_Page_Switch_Page"/>
</testsuite> <!-- com.nopcommerce.user.Level_07_Login_Page_Switch_Page -->
