<?xml version="1.0" encoding="UTF-8"?>
<!-- Generated by org.testng.reporters.JUnitReportReporter -->
<testsuite skipped="0" hostname="PC-AnhTranV" name="com.wordpress.posts.Level_04_Login_Multi_Browser" tests="6" failures="0" timestamp="2021-06-10T16:41:38 ICT" time="35.856" errors="0">
  <testcase name="Login_01_Empty_Email_Username" time="4.731" classname="com.wordpress.posts.Level_04_Login_Multi_Browser"/>
  <system-out/>
  <testcase name="Login_07_Valid_Email_Password" time="6.505" classname="com.wordpress.posts.Level_04_Login_Multi_Browser"/>
  <system-out/>
  <testcase name="Login_07_Valid_Email_Password" time="8.320" classname="com.wordpress.posts.Level_04_Login_Multi_Browser"/>
  <system-out/>
  <testcase name="Login_01_Empty_Email_Username" time="4.875" classname="com.wordpress.posts.Level_04_Login_Multi_Browser"/>
  <system-out/>
  <testcase name="Login_01_Empty_Email_Username" time="4.898" classname="com.wordpress.posts.Level_04_Login_Multi_Browser"/>
  <system-out/>
  <testcase name="Login_07_Valid_Email_Password" time="6.527" classname="com.wordpress.posts.Level_04_Login_Multi_Browser"/>
  <system-out/>
</testsuite> <!-- com.wordpress.posts.Level_04_Login_Multi_Browser -->
