<?xml version="1.0" encoding="UTF-8"?>
<!-- Generated by org.testng.reporters.JUnitReportReporter -->
<testsuite skipped="0" hostname="DESKTOP-CPNL6G4" name="com.wordpress.posts.Level_04_Login_Multi_Browser" tests="6" failures="0" timestamp="10 Jun 2021 14:13:30 GMT" time="61.985" errors="0">
  <testcase name="Login_01_Empty_Email_Username" time="9.405" classname="com.wordpress.posts.Level_04_Login_Multi_Browser"/>
  <testcase name="Login_07_Valid_Email_Password" time="16.057" classname="com.wordpress.posts.Level_04_Login_Multi_Browser"/>
  <testcase name="Login_01_Empty_Email_Username" time="4.285" classname="com.wordpress.posts.Level_04_Login_Multi_Browser"/>
  <testcase name="Login_07_Valid_Email_Password" time="12.720" classname="com.wordpress.posts.Level_04_Login_Multi_Browser"/>
  <testcase name="Login_01_Empty_Email_Username" time="3.823" classname="com.wordpress.posts.Level_04_Login_Multi_Browser"/>
  <testcase name="Login_07_Valid_Email_Password" time="15.695" classname="com.wordpress.posts.Level_04_Login_Multi_Browser"/>
</testsuite> <!-- com.wordpress.posts.Level_04_Login_Multi_Browser -->
