<?xml version="1.0" encoding="UTF-8"?>
<!-- Generated by org.testng.reporters.JUnitReportReporter -->
<testsuite skipped="0" hostname="DESKTOP-CPNL6G4" name="com.jquery.table.Level_10_Upload_File" tests="4" failures="0" timestamp="05 Jul 2021 03:34:22 GMT" time="21.235" errors="0">
  <testcase name="Upload_01_One_File_One_Time" time="2.518" classname="com.jquery.table.Level_10_Upload_File"/>
  <testcase name="Upload_01_One_File_One_Time" time="2.289" classname="com.jquery.table.Level_10_Upload_File"/>
  <testcase name="Upload_02_Multiple_File_One_Time" time="7.521" classname="com.jquery.table.Level_10_Upload_File"/>
  <testcase name="Upload_02_Multiple_File_One_Time" time="8.907" classname="com.jquery.table.Level_10_Upload_File"/>
</testsuite> <!-- com.jquery.table.Level_10_Upload_File -->
