<?xml version="1.0" encoding="UTF-8"?>
<!-- Generated by org.testng.reporters.JUnitReportReporter -->
<testsuite skipped="0" hostname="DESKTOP-CPNL6G4" name="com.nopcommerce.user.Level_06_Login_Page_Generator_Manager_Part_III" tests="3" failures="0" timestamp="24 Jun 2021 13:57:11 GMT" time="12.804" errors="0">
  <testcase name="User_02_Login" time="3.162" classname="com.nopcommerce.user.Level_06_Login_Page_Generator_Manager_Part_III"/>
  <testcase name="User_03_Customer_Infor" time="1.097" classname="com.nopcommerce.user.Level_06_Login_Page_Generator_Manager_Part_III"/>
  <testcase name="User_01_Register" time="8.545" classname="com.nopcommerce.user.Level_06_Login_Page_Generator_Manager_Part_III"/>
</testsuite> <!-- com.nopcommerce.user.Level_06_Login_Page_Generator_Manager_Part_III -->
