<?xml version="1.0" encoding="UTF-8"?>
<!-- Generated by org.testng.reporters.JUnitReportReporter -->
<testsuite skipped="0" hostname="DESKTOP-CPNL6G4" name="com.nopcommerce.user.Level_05_Login_Page_Factory" tests="2" failures="0" timestamp="24 Jun 2021 09:36:01 GMT" time="15.348" errors="0">
  <testcase name="User_01_Register" time="11.630" classname="com.nopcommerce.user.Level_05_Login_Page_Factory"/>
  <testcase name="User_02_Login" time="3.718" classname="com.nopcommerce.user.Level_05_Login_Page_Factory"/>
</testsuite> <!-- com.nopcommerce.user.Level_05_Login_Page_Factory -->
