<?xml version="1.0" encoding="UTF-8"?>
<!-- Generated by org.testng.reporters.JUnitReportReporter -->
<testsuite skipped="0" hostname="DESKTOP-CPNL6G4" name="com.wordpress.posts.Level_04_Login_Multi_Browser" tests="6" failures="0" timestamp="09 Jun 2021 15:54:39 GMT" time="47.888" errors="0">
  <testcase name="Login_01_Empty_Email_Username" time="6.299" classname="com.wordpress.posts.Level_04_Login_Multi_Browser"/>
  <testcase name="Login_07_Valid_Email_Password" time="14.181" classname="com.wordpress.posts.Level_04_Login_Multi_Browser"/>
  <testcase name="Login_07_Valid_Email_Password" time="7.461" classname="com.wordpress.posts.Level_04_Login_Multi_Browser"/>
  <testcase name="Login_07_Valid_Email_Password" time="8.420" classname="com.wordpress.posts.Level_04_Login_Multi_Browser"/>
  <testcase name="Login_01_Empty_Email_Username" time="6.764" classname="com.wordpress.posts.Level_04_Login_Multi_Browser"/>
  <testcase name="Login_01_Empty_Email_Username" time="4.763" classname="com.wordpress.posts.Level_04_Login_Multi_Browser"/>
</testsuite> <!-- com.wordpress.posts.Level_04_Login_Multi_Browser -->
