<?xml version="1.0" encoding="UTF-8"?>
<!-- Generated by org.testng.reporters.JUnitReportReporter -->
<testsuite skipped="0" hostname="DESKTOP-CPNL6G4" name="com.nopcommerce.user.Level_06_Login_Page_Generator_Manager_Part_II" tests="3" failures="0" timestamp="24 Jun 2021 10:09:42 GMT" time="10.977" errors="0">
  <testcase name="User_01_Register" time="6.454" classname="com.nopcommerce.user.Level_06_Login_Page_Generator_Manager_Part_II"/>
  <testcase name="User_03_Customer_Infor" time="0.755" classname="com.nopcommerce.user.Level_06_Login_Page_Generator_Manager_Part_II"/>
  <testcase name="User_02_Login" time="3.768" classname="com.nopcommerce.user.Level_06_Login_Page_Generator_Manager_Part_II"/>
</testsuite> <!-- com.nopcommerce.user.Level_06_Login_Page_Generator_Manager_Part_II -->
