<?xml version="1.0" encoding="UTF-8"?>
<!-- Generated by org.testng.reporters.JUnitReportReporter -->
<testsuite skipped="0" hostname="DESKTOP-CPNL6G4" name="com.jquery.table.Level_09_Data_Table" tests="1" failures="0" timestamp="05 Jul 2021 03:33:27 GMT" time="4.098" errors="0">
  <testcase name="Table_04_Edit_Delete" time="4.098" classname="com.jquery.table.Level_09_Data_Table"/>
</testsuite> <!-- com.jquery.table.Level_09_Data_Table -->
