<?xml version="1.0" encoding="UTF-8"?>
<!-- Generated by org.testng.reporters.JUnitReportReporter -->
<testsuite skipped="0" hostname="DESKTOP-CPNL6G4" name="com.wordpress.posts.Level_01_Login_Repeat_Yourself" tests="7" failures="0" timestamp="02 Jun 2021 15:51:51 GMT" time="36.753" errors="0">
  <testcase name="Login_03_Username_Not_Exist" time="3.947" classname="com.wordpress.posts.Level_01_Login_Repeat_Yourself"/>
  <testcase name="Login_04_Empty_Password" time="6.156" classname="com.wordpress.posts.Level_01_Login_Repeat_Yourself"/>
  <testcase name="Login_07_Valid_Email_Password" time="6.554" classname="com.wordpress.posts.Level_01_Login_Repeat_Yourself"/>
  <testcase name="Login_02_Ivalid_Email_Username" time="3.721" classname="com.wordpress.posts.Level_01_Login_Repeat_Yourself"/>
  <testcase name="Login_05_Invalid_Password" time="6.208" classname="com.wordpress.posts.Level_01_Login_Repeat_Yourself"/>
  <testcase name="Login_06_Incorrect_Password" time="6.183" classname="com.wordpress.posts.Level_01_Login_Repeat_Yourself"/>
  <testcase name="Login_01_Empty_Email_Username" time="3.984" classname="com.wordpress.posts.Level_01_Login_Repeat_Yourself"/>
</testsuite> <!-- com.wordpress.posts.Level_01_Login_Repeat_Yourself -->
