<?xml version="1.0" encoding="UTF-8"?>
<!-- Generated by org.testng.reporters.JUnitReportReporter -->
<testsuite skipped="0" hostname="DESKTOP-CPNL6G4" name="com.nopcommerce.user.Level_06_Login_Page_Generator_Manager" tests="3" failures="0" timestamp="24 Jun 2021 09:37:23 GMT" time="13.164" errors="0">
  <testcase name="User_01_Register" time="8.422" classname="com.nopcommerce.user.Level_06_Login_Page_Generator_Manager"/>
  <testcase name="User_03_Customer_Infor" time="0.797" classname="com.nopcommerce.user.Level_06_Login_Page_Generator_Manager"/>
  <testcase name="User_02_Login" time="3.945" classname="com.nopcommerce.user.Level_06_Login_Page_Generator_Manager"/>
</testsuite> <!-- com.nopcommerce.user.Level_06_Login_Page_Generator_Manager -->
