<?xml version="1.0" encoding="UTF-8"?>
<!-- Generated by org.testng.reporters.JUnitReportReporter -->
<testsuite hostname="LAPTOP-0FHHM1GV" failures="0" tests="2" name="com.nopcommerce.user.Level_15_Register_Login_Pattern_Object" time="7.881" errors="0" timestamp="23 Sep 2021 11:08:56 GMT" skipped="0">
  <testcase classname="com.nopcommerce.user.Level_15_Register_Login_Pattern_Object" name="User_01_Register" time="5.238"/>
  <testcase classname="com.nopcommerce.user.Level_15_Register_Login_Pattern_Object" name="User_02_Login" time="2.643"/>
</testsuite> <!-- com.nopcommerce.user.Level_15_Register_Login_Pattern_Object -->
